<?xml version="1.0" encoding="UTF-8"?>
<!-- Generated by org.testng.reporters.JUnitReportReporter -->
<testsuite hostname="bharath-tyss" failures="0" tests="6" name="dataProvider" time="85.504" errors="0" timestamp="2023-12-01T14:58:11 IST" skipped="0">
  <testcase classname="dataProvider" name="dataTest" time="2.699"/>
  <system-out/>
  <testcase classname="dataProvider" name="dataTest" time="2.494"/>
  <system-out/>
  <testcase classname="dataProvider" name="dataTest" time="5.500"/>
  <system-out/>
  <testcase classname="dataProvider" name="dataTest" time="53.521"/>
  <system-out/>
  <testcase classname="dataProvider" name="dataTest" time="10.951"/>
  <system-out/>
  <testcase classname="dataProvider" name="dataTest" time="10.339"/>
  <system-out/>
</testsuite> <!-- dataProvider -->
