<?xml version="1.0" encoding="UTF-8"?>
<!-- Generated by org.testng.reporters.JUnitReportReporter -->
<testsuite hostname="bharath-tyss" failures="0" tests="2" name="LoginTest" time="19.003" errors="0" timestamp="2023-11-21T15:16:08 IST" skipped="0">
  <testcase classname="LoginTest" name="withInvalidCreds" time="5.964"/>
  <system-out/>
  <testcase classname="LoginTest" name="WithValidCreds" time="13.039"/>
  <system-out/>
</testsuite> <!-- LoginTest -->
