<?xml version="1.0" encoding="UTF-8"?>
<!-- Generated by org.testng.reporters.JUnitReportReporter -->
<testsuite hostname="bharath-tyss" failures="0" tests="2" name="GroupTests" time="13.757" errors="0" timestamp="2023-11-22T10:46:12 IST" skipped="0">
  <testcase classname="GroupTests" name="Title" time="1.371"/>
  <system-out/>
  <testcase classname="GroupTests" name="GroupTest" time="12.386"/>
  <system-out/>
</testsuite> <!-- GroupTests -->
