<?xml version="1.0" encoding="UTF-8"?>
<!-- Generated by org.testng.reporters.JUnitReportReporter -->
<testsuite hostname="bharath-tyss" failures="0" tests="1" name="testcases.fillCandidatesDetails" time="18.870" errors="0" timestamp="2023-11-30T17:11:24 IST" skipped="0">
  <testcase classname="testcases.fillCandidatesDetails" name="fillCandDet" time="18.870"/>
  <system-out/>
</testsuite> <!-- testcases.fillCandidatesDetails -->
