<?xml version="1.0" encoding="UTF-8"?>
<!-- Generated by org.testng.reporters.JUnitReportReporter -->
<testsuite hostname="bharath-tyss" failures="0" tests="1" name="testcases.zohoLogin" time="1.664" errors="0" timestamp="2023-11-29T14:49:22 IST" skipped="0">
  <testcase classname="testcases.zohoLogin" name="printStatement" time="1.664"/>
  <system-out/>
</testsuite> <!-- testcases.zohoLogin -->
