<?xml version="1.0" encoding="UTF-8"?>
<!-- Generated by org.testng.reporters.JUnitReportReporter -->
<testsuite hostname="bharath-tyss" failures="0" tests="1" name="testcases.MyFirstTest" time="7.884" errors="0" timestamp="2023-11-27T12:45:54 IST" skipped="0">
  <testcase classname="testcases.MyFirstTest" name="LoginTest" time="7.884"/>
  <system-out/>
</testsuite> <!-- testcases.MyFirstTest -->
