<?xml version="1.0" encoding="UTF-8"?>
<!-- Generated by org.testng.reporters.JUnitReportReporter -->
<testsuite hostname="bharath-tyss" failures="0" tests="1" name="base.genericMethods" time="42.604" errors="0" timestamp="2023-11-27T14:51:36 IST" skipped="0">
  <testcase classname="base.genericMethods" name="getURLMethod" time="42.604"/>
  <system-out/>
</testsuite> <!-- base.genericMethods -->
