<?xml version="1.0" encoding="UTF-8"?>
<!-- Generated by org.testng.reporters.JUnitReportReporter -->
<testsuite hostname="bharath-tyss" failures="0" tests="1" name="com.practice.testfiles.LogOutTest" time="2.542" errors="0" timestamp="2023-12-27T11:54:19 IST" skipped="0">
  <testcase classname="com.practice.testfiles.LogOutTest" name="emulatorTest" time="2.542"/>
  <system-out/>
</testsuite> <!-- com.practice.testfiles.LogOutTest -->
