<?xml version="1.0" encoding="UTF-8"?>
<!-- Generated by org.testng.reporters.JUnitReportReporter -->
<testsuite hostname="bharath-tyss" failures="0" tests="1" name="com.hotstar.testFiles.CategoriesColor" time="0.195" errors="0" timestamp="2024-01-10T16:32:19 IST" skipped="0">
  <testcase classname="com.hotstar.testFiles.CategoriesColor" name="ColorAndTextStyle" time="0.195"/>
  <system-out/>
</testsuite> <!-- com.hotstar.testFiles.CategoriesColor -->
