<?xml version="1.0" encoding="UTF-8"?>
<!-- Generated by org.testng.reporters.JUnitReportReporter -->
<testsuite hostname="bharath-tyss" failures="0" tests="1" name="SeleniumAssignment.SpiceJetExample" time="25.522" errors="0" timestamp="2024-01-17T12:52:44 IST" skipped="0">
  <testcase classname="SeleniumAssignment.SpiceJetExample" name="Passengers" time="25.522"/>
  <system-out/>
</testsuite> <!-- SeleniumAssignment.SpiceJetExample -->
