<?xml version="1.0" encoding="UTF-8"?>
<!-- Generated by org.testng.reporters.JUnitReportReporter -->
<testsuite hostname="bharath-tyss" failures="0" tests="1" name="SeleniumAssignment.ajio" time="21.844" errors="0" timestamp="2023-11-15T14:40:16 IST" skipped="0">
  <testcase classname="SeleniumAssignment.ajio" name="product" time="21.844"/>
  <system-out/>
</testsuite> <!-- SeleniumAssignment.ajio -->
