<?xml version="1.0" encoding="UTF-8"?>
<!-- Generated by org.testng.reporters.JUnitReportReporter -->
<testsuite hostname="bharath-tyss" failures="0" tests="1" name="SeleniumAssignment.GoogleDownloads" time="3.835" errors="0" timestamp="2023-12-06T11:54:01 IST" skipped="0">
  <testcase classname="SeleniumAssignment.GoogleDownloads" name="downloadItems" time="3.835"/>
  <system-out/>
</testsuite> <!-- SeleniumAssignment.GoogleDownloads -->
