<?xml version="1.0" encoding="UTF-8"?>
<!-- Generated by org.testng.reporters.JUnitReportReporter -->
<testsuite hostname="bharath-tyss" failures="0" tests="1" name="SeleniumAssignment.IRCTCDate" time="20.834" errors="0" timestamp="2023-12-07T11:02:38 IST" skipped="0">
  <testcase classname="SeleniumAssignment.IRCTCDate" name="BusTicket" time="20.834"/>
  <system-out>
    <![CDATA[TRAINS
BUSES
FLIGHTS
HOTELS
HOLIDAYS
MEALS
PROMOTIONS
MORE
NueGo
Sri Sugam Bus Tours and Travels
Highline Transports
IntrCity SmartBus
Greenline Travels
IntrCity SmartBus
VJS TRAVELS
SPT Tours And Travels
DLT Bus
NueGo
Go Link
NueGo
Alaguthangam Travels
SPS Luxury Travels
SPS Luxury Travels
IntrCity SmartBus (Washroom onboard)
GreenLine Travels And Holidays
Jabbar Travels
Yolo Bus
V2K Travels
V2K Travels
SRI SUGAM TRAVELS
Dreamlinetravels pvt ltd
VJS Travels
SPS Luxury Travels
VJS Travels
GRS Travels
SPS Luxury Travels
SHARMA TRANSPORTS
SHARMA TRANSPORTS
Bharathi Travels
Seabird Tourists
SPS Luxury Travels
Vetri Travels
Yolo Bus
VHB Travels
NueGo
Seabird Tourists
SPS Luxury Travels
SPS Luxury Travels
IntrCity SmartBus
SPS Luxury Travels
National Travels(nts)
Yolo Bus
IntrCity SmartBus
SPS Luxury Travels
VHB Travels
SRS Travels and Logistics Private Limited
National Travels NTA
IntrCity SmartBus
SRI SUGAM TRAVELS
Jabbar Travels
UST Bus
DLT Bus
IntrCity SmartBus (Washroom onboard)
IntrCity SmartBus
YBM Travels (BLM)
YBM Travels (BLM)
Greenline Travels
IntrCity SmartBus (Washroom onboard)
Jabbar Travels
SPT Tours and Travels
Yolo Bus
SRI SUGAM TRAVELS
Jabbar Travels
Highline Transports
V2K Travels
VHB Travels
V2K Travels
KMRL Kalaimakal
Royal Travels
National Travels(nts)
KMRL Kalaimakal
NueGo
Go Link
Yolo Bus
VHB Travels
NueGo
Sri Sugam Bus Tours and Travels
Sri Sugam Bus Tours and Travels
IntrCity SmartBus
IntrCity SmartBus
Bharathi Travels
SRS Travels and Logistics Private Limited
Alaguthangam Travels
National Travels(nts)
Asian Xpress
KMRL Kalaimakal
VHB Travels
KMRL Kalaimakal
National Travels NTA
SPS Travels
SPS Travels
IntrCity SmartBus
Shama Sardar Travels HPM
DLT BUS
National Travels NTA
GEEPEE BUS
GPM Travels
GPM Travels
Jabbar Travels
KMRL Kalaimakal
Shama Sardar Travels HPM
JTS Tours & Travels
National Travels(nts)
Sri Sugam Bus Tours and Travels
RKK Travels
GEEPEE BUS
KMRL Kalaimakal
YBM Travels(BLM)
SPS Travels
IntrCity SmartBus (Washroom onboard)
Sharma Transports
SPS Travels
National travels
Yolo Bus
MKC TRAVELS
IntrCity SmartBus
SPS Travels
SPS Travels
Bharathi Travels
Bharathi Travels
IntrCity SmartBus
Swamy Ayyappa Travels
NATIONAL TRAVELS NTA
Asian Xpress
Shama Sardar Travels HPM
Royal Travels
VHB Travels
SPS Travels
Dream Line Travels Pvt Ltd
National travels
Shama Sardar Travels HPM
NueGo
SRS Travels
Sharma Transports
SPS Travels
SRI SUGAM TRAVELS
SPS Travels
Orange Tours and Travels
KGN INDIA
IntrCity SmartBus
ESWARI ROADWAYS
Jayavin Travels
GreenLine Travels And Holidays
Jabbar Travels
Yolo Bus
UST Bus
Jabbar Travels
ANAND TRAVELS
National travels
NATIONAL TRAVELS NTA
Jabbar Travels
Yolo Bus
Swamy Ayyappa Travels
SRS Travels
JTS Tours and Travels
RKK Travels
IntrCity SmartBus
GEE PEE TRAVELS
Orange Tours And Travels
Yolo Bus
Yolo Bus
IntrCity SmartBus
Sea Bird Tourist
Asian Xpress
DLT BUS
Bharathi Travels
Asian Xpress
Bharathi Travels
Sea Bird Tourist
Jayavin Travels
Sri Sugam Bus Tours and Travels
NueGo
National travels
Starlink Travels
NATIONAL TRAVELS NTA]]>
  </system-out>
</testsuite> <!-- SeleniumAssignment.IRCTCDate -->
