<?xml version="1.0" encoding="UTF-8"?>
<!-- Generated by org.testng.reporters.JUnitReportReporter -->
<testsuite hostname="bharath-tyss" failures="0" tests="1" name="SeleniumAssignment.DateAssign" time="0.012" errors="0" timestamp="2023-11-03T14:46:08 IST" skipped="0">
  <testcase classname="SeleniumAssignment.DateAssign" name="test" time="0.012"/>
  <system-out/>
</testsuite> <!-- SeleniumAssignment.DateAssign -->
