<?xml version="1.0" encoding="UTF-8"?>
<!-- Generated by org.testng.reporters.JUnitReportReporter -->
<testsuite hostname="bharath-tyss" failures="0" tests="1" name="demo.LaunchBrowser" time="9.970" errors="0" timestamp="2023-10-18T15:44:52 IST" skipped="0">
  <testcase classname="demo.LaunchBrowser" name="TestCase_1" time="9.970"/>
</testsuite> <!-- demo.LaunchBrowser -->
