<?xml version="1.0" encoding="UTF-8"?>
<!-- Generated by org.testng.reporters.JUnitReportReporter -->
<testsuite hostname="bharath-tyss" failures="0" tests="1" name="SeleniumAssignment.hotStarCategoriesPage" time="36.414" errors="0" timestamp="2024-01-11T10:48:28 IST" skipped="0">
  <testcase classname="SeleniumAssignment.hotStarCategoriesPage" name="Categories" time="36.414"/>
  <system-out/>
</testsuite> <!-- SeleniumAssignment.hotStarCategoriesPage -->
