<?xml version="1.0" encoding="UTF-8"?>
<!-- Generated by org.testng.reporters.JUnitReportReporter -->
<testsuite hostname="bharath-tyss" failures="0" tests="1" name="SeleniumAssignment.ExcelData" time="1.338" errors="0" timestamp="2023-11-03T12:32:33 IST" skipped="0">
  <testcase classname="SeleniumAssignment.ExcelData" name="printExcel" time="1.338"/>
  <system-out/>
</testsuite> <!-- SeleniumAssignment.ExcelData -->
