<?xml version="1.0" encoding="UTF-8"?>
<!-- Generated by org.testng.reporters.JUnitReportReporter -->
<testsuite hostname="bharath-tyss" failures="0" tests="1" name="SeleniumAssignment.ShadowDomPractice" time="4.739" errors="0" timestamp="2023-12-06T12:13:16 IST" skipped="0">
  <testcase classname="SeleniumAssignment.ShadowDomPractice" name="ShadowRoot" time="4.739"/>
  <system-out/>
</testsuite> <!-- SeleniumAssignment.ShadowDomPractice -->
