<?xml version="1.0" encoding="UTF-8"?>
<!-- Generated by org.testng.reporters.JUnitReportReporter -->
<testsuite hostname="bharath-tyss" failures="0" tests="1" name="SeleniumAssignment.OrangeHRM" time="9.360" errors="0" timestamp="2023-11-02T11:56:52 IST" skipped="0">
  <testcase classname="SeleniumAssignment.OrangeHRM" name="loginProfile" time="9.360"/>
  <system-out/>
</testsuite> <!-- SeleniumAssignment.OrangeHRM -->
